{"/Users/paulkraessig/Purdue/CS307/CS307-myTree/react-node-app/server/src/awardCheck.js": {"path":"/Users/paulkraessig/Purdue/CS307/CS307-myTree/react-node-app/server/src/awardCheck.js","statementMap":{"0":{"start":{"line":5,"column":17},"end":{"line":5,"column":18}},"1":{"start":{"line":6,"column":17},"end":{"line":6,"column":18}},"2":{"start":{"line":7,"column":17},"end":{"line":7,"column":18}},"3":{"start":{"line":8,"column":4},"end":{"line":20,"column":5}},"4":{"start":{"line":9,"column":8},"end":{"line":19,"column":9}},"5":{"start":{"line":11,"column":16},"end":{"line":11,"column":28}},"6":{"start":{"line":12,"column":16},"end":{"line":12,"column":22}},"7":{"start":{"line":14,"column":16},"end":{"line":14,"column":28}},"8":{"start":{"line":15,"column":16},"end":{"line":15,"column":22}},"9":{"start":{"line":17,"column":16},"end":{"line":17,"column":28}},"10":{"start":{"line":18,"column":16},"end":{"line":18,"column":22}},"11":{"start":{"line":23,"column":4},"end":{"line":23,"column":51}},"12":{"start":{"line":27,"column":0},"end":{"line":27,"column":28}}},"fnMap":{"0":{"name":"awardCheck","decl":{"start":{"line":4,"column":9},"end":{"line":4,"column":19}},"loc":{"start":{"line":4,"column":37},"end":{"line":25,"column":1}},"line":4}},"branchMap":{"0":{"loc":{"start":{"line":9,"column":8},"end":{"line":19,"column":9}},"type":"switch","locations":[{"start":{"line":10,"column":12},"end":{"line":12,"column":22}},{"start":{"line":13,"column":12},"end":{"line":15,"column":22}},{"start":{"line":16,"column":12},"end":{"line":18,"column":22}}],"line":9}},"s":{"0":2,"1":2,"2":2,"3":2,"4":12,"5":4,"6":4,"7":4,"8":4,"9":4,"10":4,"11":2,"12":1},"f":{"0":2},"b":{"0":[4,4,4]},"_coverageSchema":"1a1c01bbd47fc00a2c39e90264f33305004495a9","hash":"dae0fc6241b942e332351d186a05c8db56898fe1"}
,"/Users/paulkraessig/Purdue/CS307/CS307-myTree/react-node-app/server/src/carbonScore.js": {"path":"/Users/paulkraessig/Purdue/CS307/CS307-myTree/react-node-app/server/src/carbonScore.js","statementMap":{"0":{"start":{"line":5,"column":16},"end":{"line":5,"column":17}},"1":{"start":{"line":6,"column":4},"end":{"line":6,"column":22}},"2":{"start":{"line":7,"column":4},"end":{"line":101,"column":5}},"3":{"start":{"line":9,"column":12},"end":{"line":34,"column":13}},"4":{"start":{"line":11,"column":20},"end":{"line":11,"column":42}},"5":{"start":{"line":12,"column":20},"end":{"line":12,"column":26}},"6":{"start":{"line":14,"column":20},"end":{"line":14,"column":37}},"7":{"start":{"line":15,"column":20},"end":{"line":15,"column":26}},"8":{"start":{"line":17,"column":20},"end":{"line":17,"column":38}},"9":{"start":{"line":18,"column":20},"end":{"line":18,"column":26}},"10":{"start":{"line":20,"column":20},"end":{"line":20,"column":38}},"11":{"start":{"line":21,"column":20},"end":{"line":21,"column":26}},"12":{"start":{"line":23,"column":20},"end":{"line":23,"column":38}},"13":{"start":{"line":24,"column":20},"end":{"line":24,"column":26}},"14":{"start":{"line":26,"column":20},"end":{"line":26,"column":38}},"15":{"start":{"line":27,"column":20},"end":{"line":27,"column":26}},"16":{"start":{"line":29,"column":20},"end":{"line":29,"column":43}},"17":{"start":{"line":30,"column":20},"end":{"line":30,"column":26}},"18":{"start":{"line":32,"column":20},"end":{"line":32,"column":30}},"19":{"start":{"line":33,"column":20},"end":{"line":33,"column":26}},"20":{"start":{"line":35,"column":12},"end":{"line":35,"column":18}},"21":{"start":{"line":38,"column":12},"end":{"line":63,"column":13}},"22":{"start":{"line":40,"column":20},"end":{"line":40,"column":41}},"23":{"start":{"line":41,"column":20},"end":{"line":41,"column":26}},"24":{"start":{"line":43,"column":20},"end":{"line":43,"column":41}},"25":{"start":{"line":44,"column":20},"end":{"line":44,"column":26}},"26":{"start":{"line":46,"column":20},"end":{"line":46,"column":38}},"27":{"start":{"line":47,"column":20},"end":{"line":47,"column":26}},"28":{"start":{"line":49,"column":20},"end":{"line":49,"column":38}},"29":{"start":{"line":50,"column":20},"end":{"line":50,"column":26}},"30":{"start":{"line":52,"column":20},"end":{"line":52,"column":43}},"31":{"start":{"line":53,"column":20},"end":{"line":53,"column":26}},"32":{"start":{"line":55,"column":20},"end":{"line":55,"column":30}},"33":{"start":{"line":56,"column":20},"end":{"line":56,"column":26}},"34":{"start":{"line":58,"column":20},"end":{"line":58,"column":48}},"35":{"start":{"line":59,"column":20},"end":{"line":59,"column":26}},"36":{"start":{"line":61,"column":20},"end":{"line":61,"column":30}},"37":{"start":{"line":62,"column":20},"end":{"line":62,"column":26}},"38":{"start":{"line":64,"column":12},"end":{"line":64,"column":18}},"39":{"start":{"line":67,"column":12},"end":{"line":95,"column":13}},"40":{"start":{"line":69,"column":20},"end":{"line":69,"column":37}},"41":{"start":{"line":70,"column":20},"end":{"line":70,"column":26}},"42":{"start":{"line":72,"column":20},"end":{"line":72,"column":37}},"43":{"start":{"line":73,"column":20},"end":{"line":73,"column":26}},"44":{"start":{"line":75,"column":20},"end":{"line":75,"column":36}},"45":{"start":{"line":76,"column":20},"end":{"line":76,"column":26}},"46":{"start":{"line":78,"column":20},"end":{"line":78,"column":30}},"47":{"start":{"line":79,"column":20},"end":{"line":79,"column":26}},"48":{"start":{"line":81,"column":20},"end":{"line":81,"column":38}},"49":{"start":{"line":82,"column":20},"end":{"line":82,"column":26}},"50":{"start":{"line":84,"column":20},"end":{"line":84,"column":37}},"51":{"start":{"line":85,"column":20},"end":{"line":85,"column":26}},"52":{"start":{"line":87,"column":20},"end":{"line":87,"column":43}},"53":{"start":{"line":88,"column":20},"end":{"line":88,"column":26}},"54":{"start":{"line":90,"column":20},"end":{"line":90,"column":44}},"55":{"start":{"line":91,"column":20},"end":{"line":91,"column":26}},"56":{"start":{"line":93,"column":20},"end":{"line":93,"column":30}},"57":{"start":{"line":94,"column":20},"end":{"line":94,"column":26}},"58":{"start":{"line":96,"column":12},"end":{"line":96,"column":18}},"59":{"start":{"line":99,"column":12},"end":{"line":99,"column":22}},"60":{"start":{"line":100,"column":12},"end":{"line":100,"column":18}},"61":{"start":{"line":104,"column":4},"end":{"line":104,"column":44}},"62":{"start":{"line":105,"column":4},"end":{"line":105,"column":17}},"63":{"start":{"line":108,"column":0},"end":{"line":108,"column":27}}},"fnMap":{"0":{"name":"calcScore","decl":{"start":{"line":3,"column":9},"end":{"line":3,"column":18}},"loc":{"start":{"line":3,"column":46},"end":{"line":106,"column":1}},"line":3}},"branchMap":{"0":{"loc":{"start":{"line":7,"column":4},"end":{"line":101,"column":5}},"type":"switch","locations":[{"start":{"line":8,"column":8},"end":{"line":36,"column":9}},{"start":{"line":37,"column":8},"end":{"line":65,"column":9}},{"start":{"line":66,"column":8},"end":{"line":97,"column":9}},{"start":{"line":98,"column":8},"end":{"line":100,"column":18}}],"line":7},"1":{"loc":{"start":{"line":9,"column":12},"end":{"line":34,"column":13}},"type":"switch","locations":[{"start":{"line":10,"column":16},"end":{"line":12,"column":26}},{"start":{"line":13,"column":16},"end":{"line":15,"column":26}},{"start":{"line":16,"column":16},"end":{"line":18,"column":26}},{"start":{"line":19,"column":16},"end":{"line":21,"column":26}},{"start":{"line":22,"column":16},"end":{"line":24,"column":26}},{"start":{"line":25,"column":16},"end":{"line":27,"column":26}},{"start":{"line":28,"column":16},"end":{"line":30,"column":26}},{"start":{"line":31,"column":16},"end":{"line":33,"column":26}}],"line":9},"2":{"loc":{"start":{"line":38,"column":12},"end":{"line":63,"column":13}},"type":"switch","locations":[{"start":{"line":39,"column":16},"end":{"line":41,"column":26}},{"start":{"line":42,"column":16},"end":{"line":44,"column":26}},{"start":{"line":45,"column":16},"end":{"line":47,"column":26}},{"start":{"line":48,"column":16},"end":{"line":50,"column":26}},{"start":{"line":51,"column":16},"end":{"line":53,"column":26}},{"start":{"line":54,"column":16},"end":{"line":56,"column":26}},{"start":{"line":57,"column":16},"end":{"line":59,"column":26}},{"start":{"line":60,"column":16},"end":{"line":62,"column":26}}],"line":38},"3":{"loc":{"start":{"line":67,"column":12},"end":{"line":95,"column":13}},"type":"switch","locations":[{"start":{"line":68,"column":16},"end":{"line":70,"column":26}},{"start":{"line":71,"column":16},"end":{"line":73,"column":26}},{"start":{"line":74,"column":16},"end":{"line":76,"column":26}},{"start":{"line":77,"column":16},"end":{"line":79,"column":26}},{"start":{"line":80,"column":16},"end":{"line":82,"column":26}},{"start":{"line":83,"column":16},"end":{"line":85,"column":26}},{"start":{"line":86,"column":16},"end":{"line":88,"column":26}},{"start":{"line":89,"column":16},"end":{"line":91,"column":26}},{"start":{"line":92,"column":16},"end":{"line":94,"column":26}}],"line":67}},"s":{"0":13,"1":13,"2":13,"3":7,"4":1,"5":1,"6":1,"7":1,"8":1,"9":1,"10":1,"11":1,"12":1,"13":1,"14":1,"15":1,"16":1,"17":1,"18":0,"19":0,"20":7,"21":3,"22":0,"23":0,"24":0,"25":0,"26":0,"27":0,"28":0,"29":0,"30":0,"31":0,"32":0,"33":0,"34":2,"35":2,"36":1,"37":1,"38":3,"39":2,"40":0,"41":0,"42":0,"43":0,"44":0,"45":0,"46":0,"47":0,"48":0,"49":0,"50":0,"51":0,"52":0,"53":0,"54":2,"55":2,"56":0,"57":0,"58":2,"59":1,"60":1,"61":13,"62":13,"63":1},"f":{"0":13},"b":{"0":[7,3,2,1],"1":[1,1,1,1,1,1,1,0],"2":[0,0,0,0,0,0,2,1],"3":[0,0,0,0,0,0,0,2,0]},"_coverageSchema":"1a1c01bbd47fc00a2c39e90264f33305004495a9","hash":"083e644eaee51dd159768c022acb1a2be7818f1a"}
}
