TN:
SF:src/awardCheck.js
FN:4,awardCheck
FNF:1
FNH:1
FNDA:2,awardCheck
DA:5,2
DA:6,2
DA:7,2
DA:8,2
DA:9,12
DA:11,4
DA:12,4
DA:14,4
DA:15,4
DA:17,4
DA:18,4
DA:23,2
DA:27,1
LF:13
LH:13
BRDA:9,0,0,4
BRDA:9,0,1,4
BRDA:9,0,2,4
BRF:3
BRH:3
end_of_record
TN:
SF:src/carbonScore.js
FN:3,calcScore
FNF:1
FNH:1
FNDA:13,calcScore
DA:5,13
DA:6,13
DA:7,13
DA:9,7
DA:11,1
DA:12,1
DA:14,1
DA:15,1
DA:17,1
DA:18,1
DA:20,1
DA:21,1
DA:23,1
DA:24,1
DA:26,1
DA:27,1
DA:29,1
DA:30,1
DA:32,0
DA:33,0
DA:35,7
DA:38,3
DA:40,0
DA:41,0
DA:43,0
DA:44,0
DA:46,0
DA:47,0
DA:49,0
DA:50,0
DA:52,0
DA:53,0
DA:55,0
DA:56,0
DA:58,2
DA:59,2
DA:61,1
DA:62,1
DA:64,3
DA:67,2
DA:69,0
DA:70,0
DA:72,0
DA:73,0
DA:75,0
DA:76,0
DA:78,0
DA:79,0
DA:81,0
DA:82,0
DA:84,0
DA:85,0
DA:87,0
DA:88,0
DA:90,2
DA:91,2
DA:93,0
DA:94,0
DA:96,2
DA:99,1
DA:100,1
DA:104,13
DA:105,13
DA:108,1
LF:64
LH:34
BRDA:7,0,0,7
BRDA:7,0,1,3
BRDA:7,0,2,2
BRDA:7,0,3,1
BRDA:9,1,0,1
BRDA:9,1,1,1
BRDA:9,1,2,1
BRDA:9,1,3,1
BRDA:9,1,4,1
BRDA:9,1,5,1
BRDA:9,1,6,1
BRDA:9,1,7,0
BRDA:38,2,0,0
BRDA:38,2,1,0
BRDA:38,2,2,0
BRDA:38,2,3,0
BRDA:38,2,4,0
BRDA:38,2,5,0
BRDA:38,2,6,2
BRDA:38,2,7,1
BRDA:67,3,0,0
BRDA:67,3,1,0
BRDA:67,3,2,0
BRDA:67,3,3,0
BRDA:67,3,4,0
BRDA:67,3,5,0
BRDA:67,3,6,0
BRDA:67,3,7,2
BRDA:67,3,8,0
BRF:29
BRH:14
end_of_record
